build/app/intermediates/manifest_merge_blame_file/release/manifest-merger-blame-release-report.txt
1<?xml version="1.0" encoding="utf-8"?>
2<manifest xmlns:android="http://schemas.android.com/apk/res/android"
3    package="com.example.osm_traccar"
4    android:versionCode="1"
5    android:versionName="1.0.0" >
6
7    <uses-sdk
8        android:minSdkVersion="16"
8-->src/main/AndroidManifest.xml
9        android:targetSdkVersion="29" />
9-->src/main/AndroidManifest.xml
10    <!--
11         io.flutter.app.FlutterApplication is an android.app.Application that
12         calls FlutterMain.startInitialization(this); in its onCreate method.
13         In most cases you can leave this as-is, but you if you want to provide
14         additional functionality it is fine to subclass or reimplement
15         FlutterApplication and put your custom class here.
16    -->
17
18    <uses-permission android:name="android.permission.INTERNET" />
18-->src/main/AndroidManifest.xml:9:10-71
18-->src/main/AndroidManifest.xml:9:27-69
19    <uses-permission android:name="android.permission.READ_EXTERNAL_STORAGE" />
19-->[:image_picker] AndroidManifest.xml:7:5-80
19-->[:image_picker] AndroidManifest.xml:7:22-77
20    <uses-permission android:name="android.permission.WRITE_EXTERNAL_STORAGE" />
20-->[:image_picker] AndroidManifest.xml:8:5-81
20-->[:image_picker] AndroidManifest.xml:8:22-78
21
22    <application
22-->src/main/AndroidManifest.xml:10:5-32:19
23        android:name="io.flutter.app.FlutterApplication"
23-->src/main/AndroidManifest.xml:11:9-57
24        android:appComponentFactory="androidx.core.app.CoreComponentFactory"
24-->[androidx.core:core:1.1.0] AndroidManifest.xml:24:18-86
25        android:icon="@mipmap/ic_launcher"
25-->src/main/AndroidManifest.xml:13:9-43
26        android:label="osm_traccar"
26-->src/main/AndroidManifest.xml:12:9-36
27        android:requestLegacyExternalStorage="true" >
27-->src/main/AndroidManifest.xml:14:9-52
28        <activity
28-->src/main/AndroidManifest.xml:15:9-26:20
29            android:name="com.example.osm_traccar.MainActivity"
29-->src/main/AndroidManifest.xml:16:13-41
30            android:configChanges="orientation|keyboardHidden|keyboard|screenSize|smallestScreenSize|locale|layoutDirection|fontScale|screenLayout|density|uiMode"
30-->src/main/AndroidManifest.xml:19:13-163
31            android:hardwareAccelerated="true"
31-->src/main/AndroidManifest.xml:20:13-47
32            android:launchMode="singleTop"
32-->src/main/AndroidManifest.xml:17:13-43
33            android:theme="@style/LaunchTheme"
33-->src/main/AndroidManifest.xml:18:13-47
34            android:windowSoftInputMode="adjustResize" >
34-->src/main/AndroidManifest.xml:21:13-55
35            <intent-filter>
35-->src/main/AndroidManifest.xml:22:13-25:29
36                <action android:name="android.intent.action.MAIN" />
36-->src/main/AndroidManifest.xml:23:17-68
36-->src/main/AndroidManifest.xml:23:25-66
37
38                <category android:name="android.intent.category.LAUNCHER" />
38-->src/main/AndroidManifest.xml:24:17-76
38-->src/main/AndroidManifest.xml:24:27-74
39            </intent-filter>
40        </activity>
41        <!--
42             Don't delete the meta-data below.
43             This is used by the Flutter tool to generate GeneratedPluginRegistrant.java
44        -->
45        <meta-data
45-->src/main/AndroidManifest.xml:29:9-31:33
46            android:name="flutterEmbedding"
46-->src/main/AndroidManifest.xml:30:13-44
47            android:value="2" />
47-->src/main/AndroidManifest.xml:31:13-30
48
49        <provider
49-->[:image_picker] AndroidManifest.xml:11:9-19:20
50            android:name="io.flutter.plugins.imagepicker.ImagePickerFileProvider"
50-->[:image_picker] AndroidManifest.xml:12:13-82
51            android:authorities="com.example.osm_traccar.flutter.image_provider"
51-->[:image_picker] AndroidManifest.xml:13:13-74
52            android:exported="false"
52-->[:image_picker] AndroidManifest.xml:14:13-37
53            android:grantUriPermissions="true" >
53-->[:image_picker] AndroidManifest.xml:15:13-47
54            <meta-data
54-->[:image_picker] AndroidManifest.xml:16:13-18:75
55                android:name="android.support.FILE_PROVIDER_PATHS"
55-->[:image_picker] AndroidManifest.xml:17:17-67
56                android:resource="@xml/flutter_image_picker_file_paths" />
56-->[:image_picker] AndroidManifest.xml:18:17-72
57        </provider>
58    </application>
59
60</manifest>